<?xml version="1.0" encoding="UTF-8"?>
<!-- Generated by org.testng.reporters.JUnitXMLReporter -->
<testsuite hostname="LH900442" name="CreditService API" tests="2" failures="0" timestamp="24 Feb 2016 11:10:15 GMT" time="2.18" errors="0">
  <testcase name="creditAdd_all_ok" time="1.686" classname="com.saic.InterfaceTest.CreditService.CreditTradeService"/>
  <testcase name="creditAdd_userid_null" time="0.026" classname="com.saic.InterfaceTest.CreditService.CreditTradeService"/>
</testsuite> <!-- CreditService API -->
